reading from /home/leey/plpr-scraper/data/19wahlperiode/19002-data.xml
xml with protocol 19/2 from 2017-11-21 00:00:00
Person not found in database: Eberhardt Alexander Gauland
name: Dr. Eberhardt Alexander Gauland
first name: Eberhardt, surname: Gauland
title: Dr., party: None, position: None, ortszusatz: None
Created person: Dr. Eberhardt Gauland
reading from /home/leey/plpr-scraper/data/19wahlperiode/19003-data.xml
xml with protocol 19/3 from 2017-11-22 00:00:00
reading from /home/leey/plpr-scraper/data/19wahlperiode/19004-data.xml
xml with protocol 19/4 from 2017-12-12 00:00:00
Person not found in database: Armin‑-Paulus Hampel
name: Armin‑-Paulus Hampel
first name: Armin‑-Paulus, surname: Hampel
title: None, party: None, position: None, ortszusatz: None
Created person: Armin‑-Paulus Hampel
reading from /home/leey/plpr-scraper/data/19wahlperiode/19005-data.xml
xml with protocol 19/5 from 2017-12-13 00:00:00
reading from /home/leey/plpr-scraper/data/19wahlperiode/19006-data.xml
xml with protocol 19/6 from 2018-01-17 00:00:00
reading from /home/leey/plpr-scraper/data/19wahlperiode/19007-data.xml
xml with protocol 19/7 from 2018-01-18 00:00:00
reading from /home/leey/plpr-scraper/data/19wahlperiode/19008-data.xml
xml with protocol 19/8 from 2018-01-19 00:00:00
reading from /home/leey/plpr-scraper/data/19wahlperiode/19009-data.xml
xml with protocol 19/9 from 2018-01-22 00:00:00
Person not found in database: François de Rugy
name: François de Rugy
first name: François, surname: Rugy
title: None, party: None, position: None, ortszusatz: None
Created person: François Rugy
reading from /home/leey/plpr-scraper/data/19wahlperiode/19010-data.xml
xml with protocol 19/10 from 2018-01-31 00:00:00
reading from /home/leey/plpr-scraper/data/19wahlperiode/19011-data.xml
xml with protocol 19/11 from 2018-02-01 00:00:00
reading from /home/leey/plpr-scraper/data/19wahlperiode/19012-data.xml
xml with protocol 19/12 from 2018-02-02 00:00:00
reading from /home/leey/plpr-scraper/data/19wahlperiode/19013-data.xml
xml with protocol 19/13 from 2018-02-21 00:00:00
reading from /home/leey/plpr-scraper/data/19wahlperiode/19014-data.xml
xml with protocol 19/14 from 2018-02-22 00:00:00
reading from /home/leey/plpr-scraper/data/19wahlperiode/19015-data.xml
xml with protocol 19/15 from 2018-02-23 00:00:00
reading from /home/leey/plpr-scraper/data/19wahlperiode/19016-data.xml
xml with protocol 19/16 from 2018-02-28 00:00:00
reading from /home/leey/plpr-scraper/data/19wahlperiode/19017-data.xml
xml with protocol 19/17 from 2018-03-01 00:00:00
reading from /home/leey/plpr-scraper/data/19wahlperiode/19018-data.xml
xml with protocol 19/18 from 2018-03-02 00:00:00
reading from /home/leey/plpr-scraper/data/19wahlperiode/19019-data.xml
xml with protocol 19/19 from 2018-03-14 00:00:00
Person not found in database: Franziska Giffey
name: Franziska Giffey
first name: Franziska, surname: Giffey
title: None, party: None, position: None, ortszusatz: None
Created person: Franziska Giffey
Person not found in database: Svenja Schulze
name: Svenja Schulze
first name: Svenja, surname: Schulze
title: None, party: None, position: None, ortszusatz: None
Created person: Svenja Schulze
reading from /home/leey/plpr-scraper/data/19wahlperiode/19020-data.xml
xml with protocol 19/20 from 2018-03-15 00:00:00
reading from /home/leey/plpr-scraper/data/19wahlperiode/19021-data.xml
xml with protocol 19/21 from 2018-03-16 00:00:00
reading from /home/leey/plpr-scraper/data/19wahlperiode/19022-data.xml
xml with protocol 19/22 from 2018-03-21 00:00:00
reading from /home/leey/plpr-scraper/data/19wahlperiode/19023-data.xml
xml with protocol 19/23 from 2018-03-22 00:00:00
reading from /home/leey/plpr-scraper/data/19wahlperiode/19024-data.xml
xml with protocol 19/24 from 2018-03-23 00:00:00
reading from /home/leey/plpr-scraper/data/19wahlperiode/19025-data.xml
xml with protocol 19/25 from 2018-04-18 00:00:00
reading from /home/leey/plpr-scraper/data/19wahlperiode/19026-data.xml
xml with protocol 19/26 from 2018-04-19 00:00:00
reading from /home/leey/plpr-scraper/data/19wahlperiode/19027-data.xml
xml with protocol 19/27 from 2018-04-20 00:00:00
reading from /home/leey/plpr-scraper/data/19wahlperiode/19028-data.xml
xml with protocol 19/28 from 2018-04-25 00:00:00
reading from /home/leey/plpr-scraper/data/19wahlperiode/19029-data.xml
xml with protocol 19/29 from 2018-04-26 00:00:00
reading from /home/leey/plpr-scraper/data/19wahlperiode/19030-data.xml
xml with protocol 19/30 from 2018-04-27 00:00:00
reading from /home/leey/plpr-scraper/data/19wahlperiode/19031-data.xml
xml with protocol 19/31 from 2018-05-15 00:00:00
reading from /home/leey/plpr-scraper/data/19wahlperiode/19032-data.xml
xml with protocol 19/32 from 2018-05-16 00:00:00
Person not found in database: AfD -Jürgen Hardt
name:  AfD -Jürgen Hardt
first name: AfD, surname: Hardt
title: None, party: None, position: None, ortszusatz: None
Created person: AfD Hardt
reading from /home/leey/plpr-scraper/data/19wahlperiode/19033-data.xml
xml with protocol 19/33 from 2018-05-17 00:00:00
reading from /home/leey/plpr-scraper/data/19wahlperiode/19034-data.xml
xml with protocol 19/34 from 2018-05-18 00:00:00
reading from /home/leey/plpr-scraper/data/19wahlperiode/19035-data.xml
xml with protocol 19/35 from 2018-06-06 00:00:00
reading from /home/leey/plpr-scraper/data/19wahlperiode/19036-data.xml
xml with protocol 19/36 from 2018-06-07 00:00:00
reading from /home/leey/plpr-scraper/data/19wahlperiode/19037-data.xml
xml with protocol 19/37 from 2018-06-08 00:00:00
reading from /home/leey/plpr-scraper/data/19wahlperiode/19038-data.xml
xml with protocol 19/38 from 2018-06-13 00:00:00
reading from /home/leey/plpr-scraper/data/19wahlperiode/19039-data.xml
xml with protocol 19/39 from 2018-06-14 00:00:00
reading from /home/leey/plpr-scraper/data/19wahlperiode/19040-data.xml
xml with protocol 19/40 from 2018-06-15 00:00:00
Person not found in database: Andreas Geisel
name: Andreas Geisel
first name: Andreas, surname: Geisel
title: None, party: None, position: None, ortszusatz: None
Created person: Andreas Geisel
reading from /home/leey/plpr-scraper/data/19wahlperiode/19041-data.xml
xml with protocol 19/41 from 2018-06-27 00:00:00
reading from /home/leey/plpr-scraper/data/19wahlperiode/19042-data.xml
xml with protocol 19/42 from 2018-06-28 00:00:00
Person not found in database: von Claudia Roth
name:  von Claudia Roth
first name: von, surname: Roth
title: None, party: None, position: None, ortszusatz: None
Created person: von Roth
reading from /home/leey/plpr-scraper/data/19wahlperiode/19043-data.xml
xml with protocol 19/43 from 2018-06-29 00:00:00
Person not found in database: Katharina Willkomm
name: Katharina Willkomm
first name: Katharina, surname: Willkomm
title: None, party: FDP, position: None, ortszusatz: None
Created person: Katharina Willkomm
reading from /home/leey/plpr-scraper/data/19wahlperiode/19044-data.xml
xml with protocol 19/44 from 2018-07-03 00:00:00
reading from /home/leey/plpr-scraper/data/19wahlperiode/19045-data.xml
xml with protocol 19/45 from 2018-07-04 00:00:00
reading from /home/leey/plpr-scraper/data/19wahlperiode/19046-data.xml
xml with protocol 19/46 from 2018-07-05 00:00:00
reading from /home/leey/plpr-scraper/data/19wahlperiode/19047-data.xml
xml with protocol 19/47 from 2018-09-11 00:00:00
reading from /home/leey/plpr-scraper/data/19wahlperiode/19048-data.xml
xml with protocol 19/48 from 2018-09-12 00:00:00
Person not found in database: CDU/CSU sowie bei ordneten SPD und BÜNDNISSES /DIE GRÜNEN – Alice Weidel
name:  CDU/CSU sowie bei Abgeordneten SPD und BÜNDNISSES /DIE GRÜNEN –Dr. Alice Weidel
first name: CDU/CSU, surname: Weidel
title: None, party: None, position: <_sre.SRE_Match object; span=(19, 23), match='Abge'>, ortszusatz: None
Created person: CDU/CSU Weidel
reading from /home/leey/plpr-scraper/data/19wahlperiode/19049-data.xml
xml with protocol 19/49 from 2018-09-13 00:00:00
reading from /home/leey/plpr-scraper/data/19wahlperiode/19050-data.xml
xml with protocol 19/50 from 2018-09-14 00:00:00
Person not found in database: ordneten Otto Fricke
name:  Abgeordneten Otto Fricke
first name: ordneten, surname: Fricke
title: None, party: None, position: <_sre.SRE_Match object; span=(1, 5), match='Abge'>, ortszusatz: None
Created person: ordneten Fricke
reading from /home/leey/plpr-scraper/data/19wahlperiode/19051-data.xml
xml with protocol 19/51 from 2018-09-26 00:00:00
reading from /home/leey/plpr-scraper/data/19wahlperiode/19052-data.xml
xml with protocol 19/52 from 2018-09-27 00:00:00
Person not found in database: Martin Dulig
name: Martin Dulig
first name: Martin, surname: Dulig
title: None, party: None, position: None, ortszusatz: None
Created person: Martin Dulig
reading from /home/leey/plpr-scraper/data/19wahlperiode/19053-data.xml
xml with protocol 19/53 from 2018-09-28 00:00:00
reading from /home/leey/plpr-scraper/data/19wahlperiode/19054-data.xml
xml with protocol 19/54 from 2018-10-10 00:00:00
reading from /home/leey/plpr-scraper/data/19wahlperiode/19055-data.xml
xml with protocol 19/55 from 2018-10-11 00:00:00
reading from /home/leey/plpr-scraper/data/19wahlperiode/19056-data.xml
xml with protocol 19/56 from 2018-10-12 00:00:00
reading from /home/leey/plpr-scraper/data/19wahlperiode/19057-data.xml
xml with protocol 19/57 from 2018-10-17 00:00:00
reading from /home/leey/plpr-scraper/data/19wahlperiode/19058-data.xml
xml with protocol 19/58 from 2018-10-18 00:00:00
reading from /home/leey/plpr-scraper/data/19wahlperiode/19059-data.xml
xml with protocol 19/59 from 2018-10-19 00:00:00
reading from /home/leey/plpr-scraper/data/19wahlperiode/19060-data.xml
xml with protocol 19/60 from 2018-11-07 00:00:00
Person not found in database: Carsten Sieling, Bürgermeister
name: Carsten Sieling, Bürgermeister
first name: Carsten, surname: Bürgermeister
title: None, party: Bremen, position: None, ortszusatz: None
! Warning: party could not be identified: Bremen
Created person: Carsten Bürgermeister
reading from /home/leey/plpr-scraper/data/19wahlperiode/19061-data.xml
xml with protocol 19/61 from 2018-11-08 00:00:00
Person not found in database: Joachim Stamp
name: Joachim Stamp
first name: Joachim, surname: Stamp
title: None, party: None, position: None, ortszusatz: None
Created person: Joachim Stamp
reading from /home/leey/plpr-scraper/data/19wahlperiode/19062-data.xml
xml with protocol 19/62 from 2018-11-09 00:00:00
reading from /home/leey/plpr-scraper/data/19wahlperiode/19063-data.xml
xml with protocol 19/63 from 2018-11-20 00:00:00
reading from /home/leey/plpr-scraper/data/19wahlperiode/19064-data.xml
xml with protocol 19/64 from 2018-11-21 00:00:00
reading from /home/leey/plpr-scraper/data/19wahlperiode/19065-data.xml
xml with protocol 19/65 from 2018-11-22 00:00:00
reading from /home/leey/plpr-scraper/data/19wahlperiode/19066-data.xml
xml with protocol 19/66 from 2018-11-23 00:00:00
reading from /home/leey/plpr-scraper/data/19wahlperiode/19067-data.xml
xml with protocol 19/67 from 2018-11-28 00:00:00
reading from /home/leey/plpr-scraper/data/19wahlperiode/19068-data.xml
xml with protocol 19/68 from 2018-11-29 00:00:00
reading from /home/leey/plpr-scraper/data/19wahlperiode/19069-data.xml
xml with protocol 19/69 from 2018-11-30 00:00:00
reading from /home/leey/plpr-scraper/data/19wahlperiode/19070-data.xml
xml with protocol 19/70 from 2018-12-12 00:00:00
reading from /home/leey/plpr-scraper/data/19wahlperiode/19071-data.xml
xml with protocol 19/71 from 2018-12-13 00:00:00
reading from /home/leey/plpr-scraper/data/19wahlperiode/19072-data.xml
xml with protocol 19/72 from 2018-12-14 00:00:00
reading from /home/leey/plpr-scraper/data/19wahlperiode/19073-data.xml
xml with protocol 19/73 from 2019-01-16 00:00:00
reading from /home/leey/plpr-scraper/data/19wahlperiode/19074-data.xml
xml with protocol 19/74 from 2019-01-17 00:00:00
reading from /home/leey/plpr-scraper/data/19wahlperiode/19075-data.xml
xml with protocol 19/75 from 2019-01-18 00:00:00
reading from /home/leey/plpr-scraper/data/19wahlperiode/19076-data.xml
xml with protocol 19/76 from 2019-01-30 00:00:00
reading from /home/leey/plpr-scraper/data/19wahlperiode/19077-data.xml
xml with protocol 19/77 from 2019-01-31 00:00:00
reading from /home/leey/plpr-scraper/data/19wahlperiode/19078-data.xml
xml with protocol 19/78 from 2019-02-01 00:00:00
reading from /home/leey/plpr-scraper/data/19wahlperiode/19079-data.xml
xml with protocol 19/79 from 2019-02-13 00:00:00
reading from /home/leey/plpr-scraper/data/19wahlperiode/19080-data.xml
xml with protocol 19/80 from 2019-02-14 00:00:00
reading from /home/leey/plpr-scraper/data/19wahlperiode/19081-data.xml
xml with protocol 19/81 from 2019-02-15 00:00:00
reading from /home/leey/plpr-scraper/data/19wahlperiode/19082-data.xml
xml with protocol 19/82 from 2019-02-20 00:00:00
