reading from /home/leey/Documents/Data/australian_parliament_downloads/downloads_coal/6593-3.xml
xml with protocol 42/1 from 2009-03-16 00:00:00
Person not found in database: Graham Perrett
name: Graham Perrett
first name: Graham, surname: Perrett
Created person: Graham Perrett
Person not found in database: James Bidgood
name: James Bidgood
first name: James, surname: Bidgood
Created person: James Bidgood
Person not found in database: Sharryn Jackson
name: Sharryn Jackson
first name: Sharryn, surname: Jackson
Created person: Sharryn Jackson
Person not found in database: Scott Morrison
name: Scott Morrison
first name: Scott, surname: Morrison
Created person: Scott Morrison
Person not found in database: Stuart Robert
name: Stuart Robert
first name: Stuart, surname: Robert
Created person: Stuart Robert
Person not found in database: Jamie Briggs
name: Jamie Briggs
first name: Jamie, surname: Briggs
Created person: Jamie Briggs
Person not found in database: Julie Collins
name: Julie Collins
first name: Julie, surname: Collins
Created person: Julie Collins
Person not found in database: Bill Shorten
name: Bill Shorten
first name: Bill, surname: Shorten
Created person: Bill Shorten
Person not found in database: Shayne Neumann
name: Shayne Neumann
first name: Shayne, surname: Neumann
Created person: Shayne Neumann
Person not found in database: Kevin Rudd
name: Kevin Rudd
first name: Kevin, surname: Rudd
Created person: Kevin Rudd
Person not found in database: Malcolm Turnbull
name: Malcolm Turnbull
first name: Malcolm, surname: Turnbull
Created person: Malcolm Turnbull
Person not found in database: Tony Zappia
name: Tony Zappia
first name: Tony, surname: Zappia
Created person: Tony Zappia
Person not found in database: Peter Garrett
name: Peter Garrett
first name: Peter, surname: Garrett
Created person: Peter Garrett
Person not found in database: Jodie Campbell
name: Jodie Campbell
first name: Jodie, surname: Campbell
Created person: Jodie Campbell
Person not found in database: Andrew Robb
name: Andrew Robb
first name: Andrew, surname: Robb
Created person: Andrew Robb
Person not found in database: Joe Hockey
name: Joe Hockey
first name: Joe, surname: Hockey
Created person: Joe Hockey
Person not found in database: Maria Vamvakinou
name: Maria Vamvakinou
first name: Maria, surname: Vamvakinou
Created person: Maria Vamvakinou
Person not found in database: Julia Gillard
name: Julia Gillard
first name: Julia, surname: Gillard
Created person: Julia Gillard
Person not found in database: Steven Ciobo
name: Steven Ciobo
first name: Steven, surname: Ciobo
Created person: Steven Ciobo
Person not found in database: Janelle Saffin
name: Janelle Saffin
first name: Janelle, surname: Saffin
Created person: Janelle Saffin
Person not found in database: Michael Johnson
name: Michael Johnson
first name: Michael, surname: Johnson
Created person: Michael Johnson
Person not found in database: Craig Emerson
name: Craig Emerson
first name: Craig, surname: Emerson
Created person: Craig Emerson
Person not found in database: Anthony Albanese
name: Anthony Albanese
first name: Anthony, surname: Albanese
Created person: Anthony Albanese
Person not found in database: Andrew Laming
name: Andrew Laming
first name: Andrew, surname: Laming
Created person: Andrew Laming
Person not found in database: Brett Raguse
name: Brett Raguse
first name: Brett, surname: Raguse
Created person: Brett Raguse
Person not found in database: Tanya Plibersek
name: Tanya Plibersek
first name: Tanya, surname: Plibersek
Created person: Tanya Plibersek
Person not found in database: David Bradbury
name: David Bradbury
first name: David, surname: Bradbury
Created person: David Bradbury
Person not found in database: Christopher Pearce
name: Christopher Pearce
first name: Christopher, surname: Pearce
Created person: Christopher Pearce
Person not found in database: Yvette D’Ath
name: Yvette D’Ath
first name: Yvette, surname: D’Ath
Created person: Yvette D’Ath
Person not found in database: Paul Neville
name: Paul Neville
first name: Paul, surname: Neville
Created person: Paul Neville
Person not found in database: Peter Dutton
name: Peter Dutton
first name: Peter, surname: Dutton
Created person: Peter Dutton
Person not found in database: Belinda Neal
name: Belinda Neal
first name: Belinda, surname: Neal
Created person: Belinda Neal
Person not found in database: Jason Wood
name: Jason Wood
first name: Jason, surname: Wood
Created person: Jason Wood
Person not found in database: Bob Debus
name: Bob Debus
first name: Bob, surname: Debus
Created person: Bob Debus
Person not found in database: Alby Schultz
name: Alby Schultz
first name: Alby, surname: Schultz
Created person: Alby Schultz
Person not found in database: Darren Chester
name: Darren Chester
first name: Darren, surname: Chester
Created person: Darren Chester
Person not found in database: Rob Oakeshott
name: Rob Oakeshott
first name: Rob, surname: Oakeshott
Created person: Rob Oakeshott
Person not found in database: Mark Dreyfus
name: Mark Dreyfus
first name: Mark, surname: Dreyfus
Created person: Mark Dreyfus
Person not found in database: Antony Windsor
name: Antony Windsor
first name: Antony, surname: Windsor
Created person: Antony Windsor
Person not found in database: Mike Kelly
name: Mike Kelly
first name: Mike, surname: Kelly
Created person: Mike Kelly
Person not found in database: Damian Hale
name: Damian Hale
first name: Damian, surname: Hale
Created person: Damian Hale
Person not found in database: Jon Sullivan
name: Jon Sullivan
first name: Jon, surname: Sullivan
Created person: Jon Sullivan
Person not found in database: Luke Simpkins
name: Luke Simpkins
first name: Luke, surname: Simpkins
Created person: Luke Simpkins
Person not found in database: Louise Markus
name: Louise Markus
first name: Louise, surname: Markus
Created person: Louise Markus
Person not found in database: Annette Ellis
name: Annette Ellis
first name: Annette, surname: Ellis
Created person: Annette Ellis
Person not found in database: Bruce Scott
name: Bruce Scott
first name: Bruce, surname: Scott
Created person: Bruce Scott
Person not found in database: Jason Clare
name: Jason Clare
first name: Jason, surname: Clare
Created person: Jason Clare
Person not found in database: Julie Owens
name: Julie Owens
first name: Julie, surname: Owens
Created person: Julie Owens
Person not found in database: Patrick Farmer
name: Patrick Farmer
first name: Patrick, surname: Farmer
Created person: Patrick Farmer
Person not found in database: Bernie Ripoll
name: Bernie Ripoll
first name: Bernie, surname: Ripoll
Created person: Bernie Ripoll
Person not found in database: Robert Baldwin
name: Robert Baldwin
first name: Robert, surname: Baldwin
Created person: Robert Baldwin
Person not found in database: Richard Marles
name: Richard Marles
first name: Richard, surname: Marles
Created person: Richard Marles
Person not found in database: Nick Champion
name: Nick Champion
first name: Nick, surname: Champion
Created person: Nick Champion
Person not found in database: Roger Price
name: Roger Price
first name: Roger, surname: Price
Created person: Roger Price
Person not found in database: Jim Turnour
name: Jim Turnour
first name: Jim, surname: Turnour
Created person: Jim Turnour
Person not found in database: Sharon Grierson
name: Sharon Grierson
first name: Sharon, surname: Grierson
Created person: Sharon Grierson
Person not found in database: Gary Gray
name: Gary Gray
first name: Gary, surname: Gray
Created person: Gary Gray
Person not found in database: Bronwyn Bishop
name: Bronwyn Bishop
first name: Bronwyn, surname: Bishop
Created person: Bronwyn Bishop
Person not found in database: Don Randall
name: Don Randall
first name: Don, surname: Randall
Created person: Don Randall
Person not found in database: Sid Sidebottom
name: Sid Sidebottom
first name: Sid, surname: Sidebottom
Created person: Sid Sidebottom
Person not found in database: Steve Irons
name: Steve Irons
first name: Steve, surname: Irons
Created person: Steve Irons
Person not found in database: Melissa Parke
name: Melissa Parke
first name: Melissa, surname: Parke
Created person: Melissa Parke
Person not found in database: Alex Hawke
name: Alex Hawke
first name: Alex, surname: Hawke
Created person: Alex Hawke
Person not found in database: Sussan Ley
name: Sussan Ley
first name: Sussan, surname: Ley
Created person: Sussan Ley
Person not found in database: John Forrest
name: John Forrest
first name: John, surname: Forrest
Created person: John Forrest
Person not found in database: Kay Hull
name: Kay Hull
first name: Kay, surname: Hull
Created person: Kay Hull
Person not found in database: Dick Adams
name: Dick Adams
first name: Dick, surname: Adams
Created person: Dick Adams
Person not found in database: Sophie Mirabella
name: Sophie Mirabella
first name: Sophie, surname: Mirabella
Created person: Sophie Mirabella
Person not found in database: Amanda Rishworth
name: Amanda Rishworth
first name: Amanda, surname: Rishworth
Created person: Amanda Rishworth
Person not found in database: Craig Thomson
name: Craig Thomson
first name: Craig, surname: Thomson
Created person: Craig Thomson
Person not found in database: Jill Hall
name: Jill Hall
first name: Jill, surname: Hall
Created person: Jill Hall
Done.
