reading from /home/leey/Documents/Data/australian_parliament_downloads/downloads_coal/168-7.xml
xml with protocol 39/1 from 2000-02-16
! Warning: party could not be identified: N/A
Person not found in database: Warren Entsch
name: Warren Entsch
first name: Warren, surname: Entsch
Created person: Warren Entsch
Person not found in database: Anthony Albanese
name: Anthony Albanese
first name: Anthony, surname: Albanese
Created person: Anthony Albanese
Person not found in database: Mark Latham
name: Mark Latham
first name: Mark, surname: Latham
Created person: Mark Latham
Person not found in database: Trish Draper
name: Trish Draper
first name: Trish, surname: Draper
Created person: Trish Draper
Person not found in database: Bob McMullan
name: Bob McMullan
first name: Bob, surname: McMullan
