reading from /home/leey/Documents/Data/australian_parliament_downloads/downloads_coal/168-7.xml
xml with protocol 39/1 from 2000-02-16 00:00:00
Person not found in database: Julia Gillard
name: Julia Gillard
first name: Julia, surname: Gillard
Created person: Julia Gillard
Person not found in database: Gary Hardgrave
name: Gary Hardgrave
first name: Gary, surname: Hardgrave
Created person: Gary Hardgrave
Person not found in database: Larry Anthony
name: Larry Anthony
first name: Larry, surname: Anthony
Created person: Larry Anthony
Person not found in database: Anthony Byrne
name: Anthony Byrne
first name: Anthony, surname: Byrne
Created person: Anthony Byrne
Person not found in database: Allan Morris
name: Allan Morris
first name: Allan, surname: Morris
Created person: Allan Morris
Person not found in database: Trish Worth
name: Trish Worth
first name: Trish, surname: Worth
Created person: Trish Worth
Person not found in database: Warren Entsch
name: Warren Entsch
first name: Warren, surname: Entsch
Created person: Warren Entsch
Person not found in database: Anthony Albanese
name: Anthony Albanese
first name: Anthony, surname: Albanese
Created person: Anthony Albanese
Person not found in database: Mark Latham
name: Mark Latham
first name: Mark, surname: Latham
Created person: Mark Latham
Person not found in database: Trish Draper
name: Trish Draper
first name: Trish, surname: Draper
Created person: Trish Draper
Person not found in database: Bob McMullan
name: Bob McMullan
first name: Bob, surname: McMullan
Created person: Bob McMullan
Person not found in database: Mal Washer
name: Mal Washer
first name: Mal, surname: Washer
Created person: Mal Washer
Person not found in database: Joe Hockey
name: Joe Hockey
first name: Joe, surname: Hockey
Created person: Joe Hockey
Person not found in database: Bronwyn Bishop
name: Bronwyn Bishop
first name: Bronwyn, surname: Bishop
Created person: Bronwyn Bishop
Person not found in database: Wayne Swan
name: Wayne Swan
first name: Wayne, surname: Swan
Created person: Wayne Swan
Person not found in database: Paul Neville
name: Paul Neville
first name: Paul, surname: Neville
Created person: Paul Neville
Person not found in database: Christian Zahra
name: Christian Zahra
first name: Christian, surname: Zahra
Created person: Christian Zahra
Person not found in database: Wilson Tuckey
name: Wilson Tuckey
first name: Wilson, surname: Tuckey
Created person: Wilson Tuckey
Person not found in database: Tony Lawler
name: Tony Lawler
first name: Tony, surname: Lawler
Created person: Tony Lawler
Person not found in database: Janice Crosio
name: Janice Crosio
first name: Janice, surname: Crosio
Created person: Janice Crosio
Person not found in database: Patrick Secker
name: Patrick Secker
first name: Patrick, surname: Secker
Created person: Patrick Secker
Person not found in database: Joel Fitzgibbon
name: Joel Fitzgibbon
first name: Joel, surname: Fitzgibbon
Created person: Joel Fitzgibbon
Person not found in database: Ian Macfarlane
name: Ian Macfarlane
first name: Ian, surname: Macfarlane
Created person: Ian Macfarlane
Person not found in database: SPEAKER
name: SPEAKER
first name: , surname: SPEAKER
Created person: SPEAKER
Person not found in database: Cheryl Kernot
name: Cheryl Kernot
first name: Cheryl, surname: Kernot
Created person: Cheryl Kernot
Person not found in database: Greg Wilton
name: Greg Wilton
first name: Greg, surname: Wilton
Created person: Greg Wilton
Person not found in database: Joanna Gash
name: Joanna Gash
first name: Joanna, surname: Gash
Created person: Joanna Gash
Person not found in database: Kevin Rudd
name: Kevin Rudd
first name: Kevin, surname: Rudd
Created person: Kevin Rudd
Person not found in database: Sharman Stone
name: Sharman Stone
first name: Sharman, surname: Stone
Created person: Sharman Stone
Person not found in database: Harry Jenkins
name: Harry Jenkins
first name: Harry, surname: Jenkins
Created person: Harry Jenkins
Person not found in database: Andrew Southcott
name: Andrew Southcott
first name: Andrew, surname: Southcott
Created person: Andrew Southcott
Person not found in database: Roger Price
name: Roger Price
first name: Roger, surname: Price
Created person: Roger Price
Person not found in database: Craig Emerson
name: Craig Emerson
first name: Craig, surname: Emerson
Created person: Craig Emerson
Person not found in database: Bruce Baird
name: Bruce Baird
first name: Bruce, surname: Baird
Created person: Bruce Baird
Person not found in database: Jann McFarlane
name: Jann McFarlane
first name: Jann, surname: McFarlane
Created person: Jann McFarlane
Person not found in database: Laurie Ferguson
name: Laurie Ferguson
first name: Laurie, surname: Ferguson
Created person: Laurie Ferguson
Person not found in database: Ross Cameron
name: Ross Cameron
first name: Ross, surname: Cameron
Created person: Ross Cameron
Person not found in database: Tony Abbott
name: Tony Abbott
first name: Tony, surname: Abbott
Created person: Tony Abbott
Done.
