reading from /home/leey/Documents/Data/19wahlperiode/19001-data.xml
reading from /home/leey/Documents/Data/19wahlperiode/19001-data.xml
reading from /home/leey/Documents/Data/19wahlperiode/19001-data.xml
xml with protocol 19/1 from 2017-10-24 00:00:00
created new object for legislative period
Person not found in database: Alterspräsident Hermann Otto Solms
name: Alterspräsident Dr. Hermann Otto Solms
first name: Alterspräsident, surname: Solms
title: None, party: None, position: None, ortszusatz: None
Created person: Alterspräsident Solms
reading from /home/leey/Documents/Data/19wahlperiode/19001-data.xml
xml with protocol 19/1 from 2017-10-24 00:00:00
reading from /home/leey/Documents/Data/19wahlperiode/19001-data.xml
xml with protocol 19/1 from 2017-10-24 00:00:00
reading from /home/leey/Documents/Data/19wahlperiode/19001-data.xml
xml with protocol 19/1 from 2017-10-24 00:00:00
unknown tag
unknown tag
unknown tag
unknown tag
unknown tag
reading from /home/leey/Documents/Data/19wahlperiode/19001-data.xml
xml with protocol 19/1 from 2017-10-24 00:00:00
unknown tag
unknown tag
unknown tag
unknown tag
unknown tag
reading from /home/leey/Documents/Data/19wahlperiode/19001-data.xml
reading from /home/leey/Documents/Data/19wahlperiode/19001-data.xml
xml with protocol 19/1 from 2017-10-24 00:00:00
created new object for legislative period
Person not found in database: Alterspräsident Hermann Otto Solms
name: Alterspräsident Dr. Hermann Otto Solms
first name: Alterspräsident, surname: Solms
title: None, party: None, position: None, ortszusatz: None
Created person: Alterspräsident Solms
reading from /home/leey/Documents/Data/19wahlperiode/19001-data.xml
xml with protocol 19/1 from 2017-10-24 00:00:00
reading from /home/leey/Documents/Data/19wahlperiode/19001-data.xml
xml with protocol 19/1 from 2017-10-24 00:00:00
reading from /home/leey/Documents/Data/19wahlperiode/19001-data.xml
xml with protocol 19/1 from 2017-10-24 00:00:00
unknown tag
unknown tag
unknown tag
unknown tag
unknown tag
reading from /home/leey/Documents/Data/19wahlperiode/19001-data.xml
xml with protocol 19/1 from 2017-10-24 00:00:00
unknown tag
unknown tag
unknown tag
unknown tag
unknown tag
reading from /home/leey/Documents/Data/19wahlperiode/19001-data.xml
xml with protocol 19/1 from 2017-10-24 00:00:00
created new object for legislative period
Person not found in database: Alterspräsident Hermann Otto Solms
name: Alterspräsident Dr. Hermann Otto Solms
first name: Alterspräsident, surname: Solms
title: None, party: None, position: None, ortszusatz: None
Created person: Alterspräsident Solms
reading from /home/leey/Documents/Data/19wahlperiode/19001-data.xml
xml with protocol 19/1 from 2017-10-24 00:00:00
reading from /home/leey/Documents/Data/19wahlperiode/19001-data.xml
xml with protocol 19/1 from 2017-10-24 00:00:00
reading from /home/leey/Documents/Data/19wahlperiode/19001-data.xml
xml with protocol 19/1 from 2017-10-24 00:00:00
unknown tag
unknown tag
unknown tag
unknown tag
unknown tag
reading from /home/leey/Documents/Data/19wahlperiode/19001-data.xml
xml with protocol 19/1 from 2017-10-24 00:00:00
unknown tag
unknown tag
unknown tag
unknown tag
unknown tag
reading from /home/leey/Documents/Data/19wahlperiode/19001-data.xml
xml with protocol 19/1 from 2017-10-24 00:00:00
reading from /home/leey/Documents/Data/19wahlperiode/19001-data.xml
xml with protocol 19/1 from 2017-10-24 00:00:00
reading from /home/leey/Documents/Data/19wahlperiode/19001-data.xml
xml with protocol 19/1 from 2017-10-24 00:00:00
unknown tag
unknown tag
unknown tag
unknown tag
unknown tag
reading from /home/leey/Documents/Data/19wahlperiode/19001-data.xml
xml with protocol 19/1 from 2017-10-24 00:00:00
unknown tag
unknown tag
unknown tag
unknown tag
unknown tag
reading from /home/leey/Documents/Data/19wahlperiode/19001-data.xml
xml with protocol 19/1 from 2017-10-24 00:00:00
reading from /home/leey/Documents/Data/19wahlperiode/19001-data.xml
xml with protocol 19/1 from 2017-10-24 00:00:00
unknown tag
unknown tag
unknown tag
unknown tag
unknown tag
reading from /home/leey/Documents/Data/19wahlperiode/19001-data.xml
xml with protocol 19/1 from 2017-10-24 00:00:00
unknown tag
unknown tag
unknown tag
unknown tag
unknown tag
reading from /home/leey/Documents/Data/19wahlperiode/19001-data.xml
xml with protocol 19/1 from 2017-10-24 00:00:00
unknown tag
unknown tag
unknown tag
unknown tag
unknown tag
reading from /home/leey/Documents/Data/19wahlperiode/19001-data.xml
xml with protocol 19/1 from 2017-10-24 00:00:00
unknown tag
unknown tag
unknown tag
unknown tag
unknown tag
reading from /home/leey/Documents/Data/19wahlperiode/19001-data.xml
xml with protocol 19/1 from 2017-10-24 00:00:00
unknown tag
unknown tag
unknown tag
unknown tag
unknown tag
