reading from /home/leey/Documents/Data/australian_parliament_downloads/downloads_coal/163-5858.xml
xml with protocol 39/1 from 2000-02-15
Person not found in database: John Howard
name: John Howard
first name: John, surname: Howard
! Warning: party could not be identified: LP
Created person: John Howard
Person not found in database: Jenny Macklin
name: Jenny Macklin
first name: Jenny, surname: Macklin
! Warning: party could not be identified: ALP
Created person: Jenny Macklin
Person not found in database: Michael Wooldridge
name: Michael Wooldridge
first name: Michael, surname: Wooldridge
! Warning: party could not be identified: LP
Created person: Michael Wooldridge
Person not found in database: Kay Elson
name: Kay Elson
first name: Kay, surname: Elson
! Warning: party could not be identified: LP
Created person: Kay Elson
Person not found in database: Kim Beazley
name: Kim Beazley
first name: Kim, surname: Beazley
! Warning: party could not be identified: ALP
Created person: Kim Beazley
Person not found in database: Petro Georgiou
name: Petro Georgiou
first name: Petro, surname: Georgiou
! Warning: party could not be identified: LP
Created person: Petro Georgiou
Person not found in database: Peter Costello
name: Peter Costello
first name: Peter, surname: Costello
! Warning: party could not be identified: LP
Created person: Peter Costello
Person not found in database: Robert McClelland
name: Robert McClelland
first name: Robert, surname: McClelland
! Warning: party could not be identified: ALP
Created person: Robert McClelland
Person not found in database: Chris Pyne
name: Chris Pyne
first name: Chris, surname: Pyne
reading from /home/leey/Documents/Data/australian_parliament_downloads/downloads_coal/163-5858.xml
xml with protocol 39/1 from 2000-02-15
Person not found in database: Chris Pyne
name: Chris Pyne
first name: Chris, surname: Pyne
reading from /home/leey/Documents/Data/australian_parliament_downloads/downloads_coal/163-5858.xml
xml with protocol 39/1 from 2000-02-15
Person not found in database: Chris Pyne
name: Chris Pyne
first name: Chris, surname: Pyne
reading from /home/leey/Documents/Data/australian_parliament_downloads/downloads_coal/163-5858.xml
xml with protocol 39/1 from 2000-02-15
Person not found in database: Chris Pyne
name: Chris Pyne
first name: Chris, surname: Pyne
reading from /home/leey/Documents/Data/australian_parliament_downloads/downloads_coal/163-5858.xml
xml with protocol 39/1 from 2000-02-15
Person not found in database: Chris Pyne
name: Chris Pyne
first name: Chris, surname: Pyne
reading from /home/leey/Documents/Data/australian_parliament_downloads/downloads_coal/163-5858.xml
xml with protocol 39/1 from 2000-02-15
Person not found in database: Chris Pyne
name: Chris Pyne
first name: Chris, surname: Pyne
