reading from /home/leey/Documents/Data/australian_parliament_downloads/downloads_coal/163-5858.xml
xml with protocol 39/1 from 2000-02-15 00:00:00
Person not found in database: SPEAKER
name: SPEAKER
first name: , surname: SPEAKER
Created person: SPEAKER
Person not found in database: Garry Nehl
name: Garry Nehl
first name: Garry, surname: Nehl
Created person: Garry Nehl
Person not found in database: Julie Bishop
name: Julie Bishop
first name: Julie, surname: Bishop
Created person: Julie Bishop
Person not found in database: Teresa Gambaro
name: Teresa Gambaro
first name: Teresa, surname: Gambaro
Created person: Teresa Gambaro
Person not found in database: Daryl Williams
name: Daryl Williams
first name: Daryl, surname: Williams
Created person: Daryl Williams
Person not found in database: Peter Andren
name: Peter Andren
first name: Peter, surname: Andren
Created person: Peter Andren
Person not found in database: Peter Slipper
name: Peter Slipper
first name: Peter, surname: Slipper
Created person: Peter Slipper
Person not found in database: Stephen Smith
name: Stephen Smith
first name: Stephen, surname: Smith
Created person: Stephen Smith
Person not found in database: Peter Lindsay
name: Peter Lindsay
first name: Peter, surname: Lindsay
Created person: Peter Lindsay
Person not found in database: Daryl Melham
name: Daryl Melham
first name: Daryl, surname: Melham
Created person: Daryl Melham
Person not found in database: Kim Wilkie
name: Kim Wilkie
first name: Kim, surname: Wilkie
Created person: Kim Wilkie
Person not found in database: David Cox
name: David Cox
first name: David, surname: Cox
Created person: David Cox
Person not found in database: Peter McGauran
name: Peter McGauran
first name: Peter, surname: McGauran
Created person: Peter McGauran
Person not found in database: Michael Danby
name: Michael Danby
first name: Michael, surname: Danby
Created person: Michael Danby
Person not found in database: Mal Brough
name: Mal Brough
first name: Mal, surname: Brough
Created person: Mal Brough
Person not found in database: Jane Gerick
name: Jane Gerick
first name: Jane, surname: Gerick
Created person: Jane Gerick
Person not found in database: Judi Moylan
name: Judi Moylan
first name: Judi, surname: Moylan
Created person: Judi Moylan
Person not found in database: Sid Sidebottom
name: Sid Sidebottom
first name: Sid, surname: Sidebottom
Created person: Sid Sidebottom
Person not found in database: Kerry Bartlett
name: Kerry Bartlett
first name: Kerry, surname: Bartlett
Created person: Kerry Bartlett
Person not found in database: Leo McLeay
name: Leo McLeay
first name: Leo, surname: McLeay
Created person: Leo McLeay
Person not found in database: John Murphy
name: John Murphy
first name: John, surname: Murphy
Created person: John Murphy
Person not found in database: Warren Truss
name: Warren Truss
first name: Warren, surname: Truss
Created person: Warren Truss
Person not found in database: Kelly Hoare
name: Kelly Hoare
first name: Kelly, surname: Hoare
Created person: Kelly Hoare
Person not found in database: Frank Mossfield
name: Frank Mossfield
first name: Frank, surname: Mossfield
Created person: Frank Mossfield
Person not found in database: Julia Irwin
name: Julia Irwin
first name: Julia, surname: Irwin
Created person: Julia Irwin
Done.
