Deleting all documents, utterances, paragraphs and interjections.
Deletion done.
Deleting all parties added.
Deleting all people added.
reading from /home/leey/Documents/Data/australian_parliament_downloads/downloads_coal/163-5358.xml
reading from /home/leey/Documents/Data/australian_parliament_downloads/downloads_coal/163-5858.xml
reading from /home/leey/Documents/Data/australian_parliament_downloads/downloads_coal/163-5858.xml
xml with protocol 39/1 from 2000-02-15 00:00:00
reading from /home/leey/Documents/Data/australian_parliament_downloads/downloads_coal/163-5858.xml
xml with protocol 39/1 from 2000-02-15 00:00:00
reading from /home/leey/Documents/Data/australian_parliament_downloads/downloads_coal/163-5358.xml
reading from /home/leey/Documents/Data/australian_parliament_downloads/downloads_coal/163-5858.xml
reading from /home/leey/Documents/Data/australian_parliament_downloads/downloads_coal/163-5858.xml
xml with protocol 39/1 from 2000-02-15 00:00:00
reading from /home/leey/Documents/Data/australian_parliament_downloads/downloads_coal/163-5858.xml
xml with protocol 39/1 from 2000-02-15 00:00:00
reading from /home/leey/Documents/Data/australian_parliament_downloads/downloads_coal/163-5858.xml
reading from /home/leey/Documents/Data/australian_parliament_downloads/downloads_coal/163-5858.xml
xml with protocol 39/1 from 2000-02-15 00:00:00
reading from /home/leey/Documents/Data/australian_parliament_downloads/downloads_coal/163-5858.xml
xml with protocol 39/1 from 2000-02-15 00:00:00
reading from /home/leey/Documents/Data/australian_parliament_downloads/downloads_coal/163-5858.xml
xml with protocol 39/1 from 2000-02-15 00:00:00
reading from /home/leey/Documents/Data/australian_parliament_downloads/downloads_coal/163-5858.xml
xml with protocol 39/1 from 2000-02-15 00:00:00
reading from /home/leey/Documents/Data/australian_parliament_downloads/downloads_coal/163-5858.xml
xml with protocol 39/1 from 2000-02-15 00:00:00
